GWP per Capita Indicator/1
2020 -1.43759
Total Tertiary Education Graduates Indicator/0.0164557
2020 -261.814
Total Secondary Education Graduates Indicator/0.00415096
2020 -96.75
Total Primary Education Graduates Indicator/0.0075551
2020 -279.644
Total Population Indicator/0.0142084
2020 52.7632
GWP per Capita Indicator/1
2030 -8.07159
Total Tertiary Education Graduates Indicator/0.0164557
2030 -446.48
Total Secondary Education Graduates Indicator/0.00415096
2030 -194.261
Total Primary Education Graduates Indicator/0.0075551
2030 -103.893
Total Population Indicator/0.0142084
2030 411.941
GWP per Capita Indicator/1
2040 -13.6971
Total Tertiary Education Graduates Indicator/0.0164557
2040 -827.712
Total Secondary Education Graduates Indicator/0.00415096
2040 -207.841
Total Primary Education Graduates Indicator/0.0075551
2040 142.074
Total Population Indicator/0.0142084
2040 859.315
GWP per Capita Indicator/1
2050 -19.3617
Total Tertiary Education Graduates Indicator/0.0164557
2050 -1254.87
Total Secondary Education Graduates Indicator/0.00415096
2050 -83.9373
Total Primary Education Graduates Indicator/0.0075551
2050 443.75
Total Population Indicator/0.0142084
2050 1443.77
GWP per Capita Indicator/1
2060 -25.3669
Total Tertiary Education Graduates Indicator/0.0164557
2060 -1682.41
Total Secondary Education Graduates Indicator/0.00415096
2060 150.695
Total Primary Education Graduates Indicator/0.0075551
2060 793.347
Total Population Indicator/0.0142084
2060 2153.64
GWP per Capita Indicator/1
2070 -32.1651
Total Tertiary Education Graduates Indicator/0.0164557
2070 -2064.3
Total Secondary Education Graduates Indicator/0.00415096
2070 507.393
Total Primary Education Graduates Indicator/0.0075551
2070 1185.17
Total Population Indicator/0.0142084
2070 2952.86
GWP per Capita Indicator/1
2080 -39.5198
Total Tertiary Education Graduates Indicator/0.0164557
2080 -2347.66
Total Secondary Education Graduates Indicator/0.00415096
2080 954.078
Total Primary Education Graduates Indicator/0.0075551
2080 1605.76
Total Population Indicator/0.0142084
2080 3820.25
GWP per Capita Indicator/1
2090 -47.8127
Total Tertiary Education Graduates Indicator/0.0164557
2090 -2504.51
Total Secondary Education Graduates Indicator/0.00415096
2090 1469.43
Total Primary Education Graduates Indicator/0.0075551
2090 2056.72
Total Population Indicator/0.0142084
2090 4732.92
GWP per Capita Indicator/1
2100 -57.0883
Total Tertiary Education Graduates Indicator/0.0164557
2100 -2530.39
Total Secondary Education Graduates Indicator/0.00415096
2100 2020.16
Total Primary Education Graduates Indicator/0.0075551
2100 2542.89
Total Population Indicator/0.0142084
2100 5647.64
