GWP per Capita Indicator/1
2020 -1.19262
Total Tertiary Education Graduates Indicator/0.0164557
2020 -3.79822
Total Secondary Education Graduates Indicator/0.00415096
2020 199.485
Total Primary Education Graduates Indicator/0.0075551
2020 -472.348
Total Population Indicator/0.0142084
2020 -28.4746
GWP per Capita Indicator/1
2030 -3.20075
Total Tertiary Education Graduates Indicator/0.0164557
2030 129.463
Total Secondary Education Graduates Indicator/0.00415096
2030 233.238
Total Primary Education Graduates Indicator/0.0075551
2030 -418.04
Total Population Indicator/0.0142084
2030 14.6934
GWP per Capita Indicator/1
2040 -3.87945
Total Tertiary Education Graduates Indicator/0.0164557
2040 149.718
Total Secondary Education Graduates Indicator/0.00415096
2040 172.328
Total Primary Education Graduates Indicator/0.0075551
2040 -371.453
Total Population Indicator/0.0142084
2040 -16.7109
GWP per Capita Indicator/1
2050 -3.74633
Total Tertiary Education Graduates Indicator/0.0164557
2050 134.752
Total Secondary Education Graduates Indicator/0.00415096
2050 106.267
Total Primary Education Graduates Indicator/0.0075551
2050 -311.379
Total Population Indicator/0.0142084
2050 -38.0615
GWP per Capita Indicator/1
2060 -3.13141
Total Tertiary Education Graduates Indicator/0.0164557
2060 95.137
Total Secondary Education Graduates Indicator/0.00415096
2060 35.1797
Total Primary Education Graduates Indicator/0.0075551
2060 -243.128
Total Population Indicator/0.0142084
2060 -31.8994
GWP per Capita Indicator/1
2070 -2.22379
Total Tertiary Education Graduates Indicator/0.0164557
2070 40.7041
Total Secondary Education Graduates Indicator/0.00415096
2070 -22.4009
Total Primary Education Graduates Indicator/0.0075551
2070 -164.932
Total Population Indicator/0.0142084
2070 -6.68359
GWP per Capita Indicator/1
2080 -0.677546
Total Tertiary Education Graduates Indicator/0.0164557
2080 -13.5875
Total Secondary Education Graduates Indicator/0.00415096
2080 -60.5642
Total Primary Education Graduates Indicator/0.0075551
2080 -71.6962
Total Population Indicator/0.0142084
2080 16.7822
GWP per Capita Indicator/1
2090 1.51977
Total Tertiary Education Graduates Indicator/0.0164557
2090 -60.6975
Total Secondary Education Graduates Indicator/0.00415096
2090 -82.2815
Total Primary Education Graduates Indicator/0.0075551
2090 36.7681
Total Population Indicator/0.0142084
2090 32.5752
GWP per Capita Indicator/1
2100 4.40665
Total Tertiary Education Graduates Indicator/0.0164557
2100 -98.6382
Total Secondary Education Graduates Indicator/0.00415096
2100 -86.252
Total Primary Education Graduates Indicator/0.0075551
2100 162.482
Total Population Indicator/0.0142084
2100 28.251
